0 info it worked if it ends with ok
1 verbose cli [ 'node', '/usr/local/bin/npm', 'update', '-g', 'ionic' ]
2 info using npm@1.4.28
3 info using node@v0.10.35
4 verbose request where is /ionic
5 verbose request registry https://registry.npmjs.org/
6 verbose request id c89cf7af5c6ebe8d
7 verbose url raw /ionic
8 verbose url resolving [ 'https://registry.npmjs.org/', './ionic' ]
9 verbose url resolved https://registry.npmjs.org/ionic
10 verbose request where is https://registry.npmjs.org/ionic
11 info trying registry request attempt 1 at 21:20:45
12 verbose etag "7SJ655LOE870T1G3V2830Y585"
13 http GET https://registry.npmjs.org/ionic
14 http 200 https://registry.npmjs.org/ionic
15 silly registry.get cb [ 200,
15 silly registry.get   { date: 'Fri, 16 Jan 2015 13:20:48 GMT',
15 silly registry.get     server: 'CouchDB/1.5.0 (Erlang OTP/R16B03)',
15 silly registry.get     etag: '"60C8GIPJN4WABSES9D219BU0X"',
15 silly registry.get     'content-type': 'application/json',
15 silly registry.get     'cache-control': 'max-age=60',
15 silly registry.get     'content-length': '184480',
15 silly registry.get     'accept-ranges': 'bytes',
15 silly registry.get     via: '1.1 varnish',
15 silly registry.get     age: '0',
15 silly registry.get     'x-served-by': 'cache-ty68-TYO',
15 silly registry.get     'x-cache': 'HIT',
15 silly registry.get     'x-cache-hits': '1',
15 silly registry.get     'x-timer': 'S1421414447.910476,VS0,VE127',
15 silly registry.get     vary: 'Accept',
15 silly registry.get     'keep-alive': 'timeout=10, max=50',
15 silly registry.get     connection: 'Keep-Alive' } ]
16 info outdated updating [ [ '/usr/local/lib', 'ionic', '1.3.0', '1.3.2', '1.3.2', 'latest' ] ]
17 verbose install where,what [ '/usr/local/lib', [ 'ionic@1.3.2' ] ]
18 verbose cache add [ 'ionic@1.3.2', null ]
19 verbose cache add name=undefined spec="ionic@1.3.2" args=["ionic@1.3.2",null]
20 verbose parsed url { protocol: null,
20 verbose parsed url   slashes: null,
20 verbose parsed url   auth: null,
20 verbose parsed url   host: null,
20 verbose parsed url   port: null,
20 verbose parsed url   hostname: null,
20 verbose parsed url   hash: null,
20 verbose parsed url   search: null,
20 verbose parsed url   query: null,
20 verbose parsed url   pathname: 'ionic@1.3.2',
20 verbose parsed url   path: 'ionic@1.3.2',
20 verbose parsed url   href: 'ionic@1.3.2' }
21 verbose cache add name="ionic" spec="1.3.2" args=["ionic","1.3.2"]
22 verbose parsed url { protocol: null,
22 verbose parsed url   slashes: null,
22 verbose parsed url   auth: null,
22 verbose parsed url   host: null,
22 verbose parsed url   port: null,
22 verbose parsed url   hostname: null,
22 verbose parsed url   hash: null,
22 verbose parsed url   search: null,
22 verbose parsed url   query: null,
22 verbose parsed url   pathname: '1.3.2',
22 verbose parsed url   path: '1.3.2',
22 verbose parsed url   href: '1.3.2' }
23 verbose addNamed [ 'ionic', '1.3.2' ]
24 verbose addNamed [ '1.3.2', '1.3.2' ]
25 silly lockFile d7b8e48a-ionic-1-3-2 ionic@1.3.2
26 verbose lock ionic@1.3.2 /Users/wulingling/.npm/d7b8e48a-ionic-1-3-2.lock
27 verbose registry.get https://registry.npmjs.org/ionic not expired, no request
28 silly lockFile 32338a51--npmjs-org-ionic-ionic-1-3-2-tgz https://registry.npmjs.org/ionic/-/ionic-1.3.2.tgz
29 verbose lock https://registry.npmjs.org/ionic/-/ionic-1.3.2.tgz /Users/wulingling/.npm/32338a51--npmjs-org-ionic-ionic-1-3-2-tgz.lock
30 verbose addRemoteTarball [ 'https://registry.npmjs.org/ionic/-/ionic-1.3.2.tgz',
30 verbose addRemoteTarball   'c116923ed872ddfce12d8ceee5f0b57d31812514' ]
31 info retry fetch attempt 1 at 21:20:50
32 verbose fetch to= /var/folders/ym/wypd_07d6z35v4sgw8llsgch0000gn/T/npm-5160-mfGecTu3/registry.npmjs.org/ionic/-/ionic-1.3.2.tgz
33 http GET https://registry.npmjs.org/ionic/-/ionic-1.3.2.tgz
34 http 200 https://registry.npmjs.org/ionic/-/ionic-1.3.2.tgz
35 silly lockFile 32338a51--npmjs-org-ionic-ionic-1-3-2-tgz https://registry.npmjs.org/ionic/-/ionic-1.3.2.tgz
36 silly lockFile 32338a51--npmjs-org-ionic-ionic-1-3-2-tgz https://registry.npmjs.org/ionic/-/ionic-1.3.2.tgz
37 silly lockFile d7b8e48a-ionic-1-3-2 ionic@1.3.2
38 silly lockFile d7b8e48a-ionic-1-3-2 ionic@1.3.2
39 error Error: EACCES, mkdir '/Users/wulingling/.npm/ionic/1.3.2'
39 error  { [Error: EACCES, mkdir '/Users/wulingling/.npm/ionic/1.3.2']
39 error   errno: 3,
39 error   code: 'EACCES',
39 error   path: '/Users/wulingling/.npm/ionic/1.3.2' }
40 error Please try running this command again as root/Administrator.
41 error System Darwin 13.4.0
42 error command "node" "/usr/local/bin/npm" "update" "-g" "ionic"
43 error cwd /Applications/XAMPP/xamppfiles/htdocs/laravel/public/woo
44 error node -v v0.10.35
45 error npm -v 1.4.28
46 error path /Users/wulingling/.npm/ionic/1.3.2
47 error code EACCES
48 error errno 3
49 error stack Error: EACCES, mkdir '/Users/wulingling/.npm/ionic/1.3.2'
50 verbose exit [ 3, true ]
